[16:39:51] [modloading-worker-0/INFO] ========================================
[16:39:51] [modloading-worker-0/INFO] Minecraft: 1.20.4
[16:39:51] [modloading-worker-0/INFO] Side: client
[16:39:51] [modloading-worker-0/INFO] Development: true
[16:39:51] [modloading-worker-0/INFO] Version: 14.0.688
[16:39:51] [modloading-worker-0/INFO] Loader:
[16:39:51] [modloading-worker-0/INFO] - Forge: null
[16:39:51] [modloading-worker-0/INFO] Dependencies:
[16:39:51] [modloading-worker-0/INFO] - Cloth Config: 13.0.121
[16:39:51] [modloading-worker-0/INFO] - Architectury: 11.0.9
[16:39:51] [modloading-worker-0/INFO] Mixin: 0.8.5
[16:39:51] [modloading-worker-0/INFO] OS: Mac OS X 14.2.1 (aarch64)
[16:39:51] [modloading-worker-0/INFO] Java: 17.0.9 (Eclipse Adoptium)
[16:39:51] [modloading-worker-0/INFO] ========================================
[16:39:51] [modloading-worker-0/INFO] Mods:
[16:39:51] [modloading-worker-0/INFO] - architectury: 11.0.9
[16:39:51] [modloading-worker-0/INFO] - assisted_progression: 2.0
[16:39:51] [modloading-worker-0/INFO] - cloth_config: 13.0.121
[16:39:51] [modloading-worker-0/INFO] - minecraft: 1.20.4
[16:39:51] [modloading-worker-0/INFO] - neoforge: 20.4.72-beta
[16:39:51] [modloading-worker-0/INFO] - nucleus_pauljoda: 3.0
[16:39:51] [modloading-worker-0/INFO] - roughlyenoughitems: 14.0.688
[16:39:51] [modloading-worker-0/INFO] ========================================
[16:39:51] [modloading-worker-0/DEBUG] [REI] Added filtering rule [roughlyenoughitems:search]: INSTANCE
[16:39:51] [modloading-worker-0/DEBUG] [REI] Added filtering rule [roughlyenoughitems:manual]: INSTANCE
[16:39:51] [modloading-worker-0/DEBUG] [REI] Added filtering rule [roughlyenoughitems:basic]: INSTANCE
[16:39:51] [modloading-worker-0/INFO] [REI] Config loaded
[16:39:51] [modloading-worker-0/DEBUG] [REI] Config saved
